This is XeTeX, Version 3.141592653-2.6-0.999993 (TeX Live 2022/dev/Debian) (preloaded format=xelatex 2024.3.15)  22 SEP 2024 14:00
entering extended mode
 restricted \write18 enabled.
 %&-line parsing enabled.
**jkph.tex
(./jkph.tex
LaTeX2e <2021-11-15> patch level 1
L3 programming layer <2022-01-21>
(/usr/share/texlive/texmf-dist/tex/latex/base/book.cls
Document Class: book 2021/10/04 v1.4n Standard LaTeX document class
(/usr/share/texlive/texmf-dist/tex/latex/base/bk10.clo
File: bk10.clo 2021/10/04 v1.4n Standard LaTeX file (size option)
)
\c@part=\count181
\c@chapter=\count182
\c@section=\count183
\c@subsection=\count184
\c@subsubsection=\count185
\c@paragraph=\count186
\c@subparagraph=\count187
\c@figure=\count188
\c@table=\count189
\abovecaptionskip=\skip47
\belowcaptionskip=\skip48
\bibindent=\dimen138
)
(/usr/share/texlive/texmf-dist/tex/latex/verse/verse.sty
Package: verse 2009/09/04 v2.4a verse typesetting
\c@vslineno=\count190
\c@poemline=\count191
\c@fvsline=\count192
\c@modulo@vs=\count193
\c@verse@envctr=\count194
\versewidth=\skip49
\vgap=\skip50
\vindent=\skip51
\stanzaskip=\skip52
\vleftskip=\skip53
\vrightskip=\skip54
\c@chrsinstr=\count195
\beforepoemtitleskip=\skip55
\afterpoemtitleskip=\skip56
)
(/usr/share/texlive/texmf-dist/tex/latex/polyglossia/polyglossia.sty
Package: polyglossia 2021/04/12 v1.53 Modern multilingual typesetting with XeLa
TeX and LuaLaTeX

(/usr/share/texlive/texmf-dist/tex/latex/etoolbox/etoolbox.sty
Package: etoolbox 2020/10/05 v2.5k e-TeX tools for LaTeX (JAW)
\etb@tempcnta=\count196
)
(/usr/share/texlive/texmf-dist/tex/latex/makecmds/makecmds.sty
Package: makecmds 2009/09/03 v1.0a extra command making commands
)
(/usr/share/texlive/texmf-dist/tex/latex/xkeyval/xkeyval.sty
Package: xkeyval 2020/11/20 v2.8 package option processing (HA)

(/usr/share/texlive/texmf-dist/tex/generic/xkeyval/xkeyval.tex
(/usr/share/texlive/texmf-dist/tex/generic/xkeyval/xkvutils.tex
\XKV@toks=\toks16
\XKV@tempa@toks=\toks17

(/usr/share/texlive/texmf-dist/tex/generic/xkeyval/keyval.tex))
\XKV@depth=\count197
File: xkeyval.tex 2014/12/03 v2.7a key=value parser (HA)
))
(/usr/share/texlive/texmf-dist/tex/latex/fontspec/fontspec.sty
(/usr/share/texlive/texmf-dist/tex/latex/l3packages/xparse/xparse.sty
(/usr/share/texlive/texmf-dist/tex/latex/l3kernel/expl3.sty
Package: expl3 2022-01-21 L3 programming layer (loader) 

(/usr/share/texlive/texmf-dist/tex/latex/l3backend/l3backend-xetex.def
File: l3backend-xetex.def 2022-01-12 L3 backend support: XeTeX

(|extractbb --version)
\c__kernel_sys_dvipdfmx_version_int=\count198
\l__color_backend_stack_int=\count199
\g__color_backend_stack_int=\count266
\g__graphics_track_int=\count267
\l__pdf_internal_box=\box50
\g__pdf_backend_object_int=\count268
\g__pdf_backend_annotation_int=\count269
\g__pdf_backend_link_int=\count270
))
Package: xparse 2022-01-12 L3 Experimental document command parser
)
Package: fontspec 2022/01/15 v2.8a Font selection for XeLaTeX and LuaLaTeX

(/usr/share/texlive/texmf-dist/tex/latex/fontspec/fontspec-xetex.sty
Package: fontspec-xetex 2022/01/15 v2.8a Font selection for XeLaTeX and LuaLaTe
X
\l__fontspec_script_int=\count271
\l__fontspec_language_int=\count272
\l__fontspec_strnum_int=\count273
\l__fontspec_tmp_int=\count274
\l__fontspec_tmpa_int=\count275
\l__fontspec_tmpb_int=\count276
\l__fontspec_tmpc_int=\count277
\l__fontspec_em_int=\count278
\l__fontspec_emdef_int=\count279
\l__fontspec_strong_int=\count280
\l__fontspec_strongdef_int=\count281
\l__fontspec_tmpa_dim=\dimen139
\l__fontspec_tmpb_dim=\dimen140
\l__fontspec_tmpc_dim=\dimen141

(/usr/share/texlive/texmf-dist/tex/latex/base/fontenc.sty
Package: fontenc 2021/04/29 v2.0v Standard LaTeX package
)
(/usr/share/texlive/texmf-dist/tex/latex/fontspec/fontspec.cfg)))
(/usr/share/texlive/texmf-dist/tex/generic/iftex/iftex.sty
Package: iftex 2020/03/06 v1.0d TeX engine tests
)
(/usr/share/texlive/texmf-dist/tex/latex/l3packages/l3keys2e/l3keys2e.sty
Package: l3keys2e 2022-01-12 LaTeX2e option processing using LaTeX3 keys
)

LaTeX hooks Warning: Generic hook 'file/after/tracklang.sty' is deprecated.
(hooks)              Use hook 'file/tracklang.sty/after' instead.


LaTeX hooks Warning: Generic hook 'package/after/bidi' is deprecated.
(hooks)              Use hook 'package/bidi/after' instead.


LaTeX hooks Warning: Generic hook 'package/after/luabidi' is deprecated.
(hooks)              Use hook 'package/luabidi/after' instead.

\xpg@normalclass=\XeTeXcharclass1
(/usr/share/texlive/texmf-dist/tex/latex/polyglossia/gloss-latex.ldf
File: gloss-latex.ldf polyglossia: module for default language
The property list \polyglossia@langsetup contains the pairs (without outer
braces):
>  {latex/script}  =>  {latin}
>  {latex/lcscript}  =>  {latin}
>  {latex/scripttag}  =>  {}
>  {latex/language}  =>  {Latex}
>  {latex/langtag}  =>  {ENG}
>  {latex/bcp47}  =>  {}
>  {latex/hyphennames}  =>  {english}
>  {latex/direction}  =>  {LR}
>  {latex/hyphenmins}  =>  {2,3}
>  {latex/frenchspacing}  =>  {false}
>  {latex/indentfirst}  =>  {false}
>  {latex/fontsetup}  =>  {true}
>  {latex/envname}  =>  {latex}
>  {latex/babelname}  =>  {latex}
>  {latex/localnumeral}  =>  {polyglossia@C@localnumeral}
>  {latex/Localnumeral}  =>  {polyglossia@C@localnumeral}.
)
Package polyglossia Info: Default language is latex.
)
(/usr/share/texlive/texmf-dist/tex/latex/titlesec/titlesec.sty
Package: titlesec 2021/07/05 v2.14 Sectioning titles
\ttl@box=\box51
\beforetitleunit=\skip57
\aftertitleunit=\skip58
\ttl@plus=\dimen142
\ttl@minus=\dimen143
\ttl@toksa=\toks18
\titlewidth=\dimen144
\titlewidthlast=\dimen145
\titlewidthfirst=\dimen146
)

Package fontspec Info: Font family 'TimesNewRoman(0)' created for font 'Times
(fontspec)             New Roman' with options [Mapping=DevRom].
(fontspec)              
(fontspec)              This font family consists of the following NFSS
(fontspec)             series/shapes:
(fontspec)              
(fontspec)             - 'normal' (m/n) with NFSS spec.: <->"Times New
(fontspec)             Roman/OT:script=latn;language=dflt;mapping=DevRom;"
(fontspec)             - 'small caps'  (m/sc) with NFSS spec.: <->"Times New
(fontspec)             Roman/OT:script=latn;language=dflt;+smcp;mapping=DevRom;
"
(fontspec)             - 'bold' (b/n) with NFSS spec.: <->"Times New
(fontspec)             Roman/B/OT:script=latn;language=dflt;mapping=DevRom;"
(fontspec)             - 'bold small caps'  (b/sc) with NFSS spec.: <->"Times
(fontspec)             New
(fontspec)             Roman/B/OT:script=latn;language=dflt;+smcp;mapping=DevRo
m;"
(fontspec)             - 'italic' (m/it) with NFSS spec.: <->"Times New
(fontspec)             Roman/I/OT:script=latn;language=dflt;mapping=DevRom;"
(fontspec)             - 'italic small caps'  (m/scit) with NFSS spec.:
(fontspec)             <->"Times New
(fontspec)             Roman/I/OT:script=latn;language=dflt;+smcp;mapping=DevRo
m;"
(fontspec)             - 'bold italic' (b/it) with NFSS spec.: <->"Times New
(fontspec)             Roman/BI/OT:script=latn;language=dflt;mapping=DevRom;"
(fontspec)             - 'bold italic small caps'  (b/scit) with NFSS spec.:
(fontspec)             <->"Times New
(fontspec)             Roman/BI/OT:script=latn;language=dflt;+smcp;mapping=DevR
om;"


(/usr/share/texlive/texmf-dist/tex/latex/polyglossia/gloss-english.ldf
File: gloss-english.ldf polyglossia: module for english
The property list \polyglossia@langsetup contains the pairs (without outer
braces):
>  {latex/script}  =>  {latin}
>  {latex/lcscript}  =>  {latin}
>  {latex/scripttag}  =>  {}
>  {latex/language}  =>  {Latex}
>  {latex/langtag}  =>  {ENG}
>  {latex/bcp47}  =>  {}
>  {latex/hyphennames}  =>  {english}
>  {latex/direction}  =>  {LR}
>  {latex/hyphenmins}  =>  {2,3}
>  {latex/frenchspacing}  =>  {false}
>  {latex/indentfirst}  =>  {false}
>  {latex/fontsetup}  =>  {true}
>  {latex/envname}  =>  {latex}
>  {latex/babelname}  =>  {latex}
>  {latex/localnumeral}  =>  {polyglossia@C@localnumeral}
>  {latex/Localnumeral}  =>  {polyglossia@C@localnumeral}
>  {english/script}  =>  {latin}
>  {english/lcscript}  =>  {latin}
>  {english/scripttag}  =>  {}
>  {english/language}  =>  {English}
>  {english/langtag}  =>  {ENG}
>  {english/bcp47}  =>  {en-US}
>  {english/hyphennames}  =>  {english,american,usenglish,USenglish}
>  {english/direction}  =>  {LR}
>  {english/hyphenmins}  =>  {2,3}
>  {english/frenchspacing}  =>  {false}
>  {english/indentfirst}  =>  {false}
>  {english/fontsetup}  =>  {true}
>  {english/envname}  =>  {english}
>  {english/babelname}  =>  {english}
>  {english/localnumeral}  =>  {polyglossia@C@localnumeral}
>  {english/Localnumeral}  =>  {polyglossia@C@localnumeral}.
Package polyglossia Info: Option: English, variant=american.
)
Package polyglossia Info: Default language is english.

(/usr/share/texlive/texmf-dist/tex/latex/polyglossia/gloss-hindi.ldf
File: gloss-hindi.ldf polyglossia: module for hindi

(/usr/share/texlive/texmf-dist/tex/latex/polyglossia/devanagaridigits.sty
Package: devanagaridigits 2010/04/01 v0.1 Formatting of Devanagari digits
)
The property list \polyglossia@langsetup contains the pairs (without outer
braces):
>  {latex/script}  =>  {latin}
>  {latex/lcscript}  =>  {latin}
>  {latex/scripttag}  =>  {}
>  {latex/language}  =>  {Latex}
>  {latex/langtag}  =>  {ENG}
>  {latex/bcp47}  =>  {}
>  {latex/hyphennames}  =>  {english}
>  {latex/direction}  =>  {LR}
>  {latex/hyphenmins}  =>  {2,3}
>  {latex/frenchspacing}  =>  {false}
>  {latex/indentfirst}  =>  {false}
>  {latex/fontsetup}  =>  {true}
>  {latex/envname}  =>  {latex}
>  {latex/babelname}  =>  {latex}
>  {latex/localnumeral}  =>  {polyglossia@C@localnumeral}
>  {latex/Localnumeral}  =>  {polyglossia@C@localnumeral}
>  {english/script}  =>  {latin}
>  {english/lcscript}  =>  {latin}
>  {english/scripttag}  =>  {}
>  {english/language}  =>  {English}
>  {english/langtag}  =>  {ENG}
>  {english/bcp47}  =>  {en-US}
>  {english/hyphennames}  =>  {english,american,usenglish,USenglish}
>  {english/direction}  =>  {LR}
>  {english/hyphenmins}  =>  {2,3}
>  {english/frenchspacing}  =>  {false}
>  {english/indentfirst}  =>  {false}
>  {english/fontsetup}  =>  {true}
>  {english/envname}  =>  {english}
>  {english/babelname}  =>  {american}
>  {english/localnumeral}  =>  {polyglossia@C@localnumeral}
>  {english/Localnumeral}  =>  {polyglossia@C@localnumeral}
>  {hindi/script}  =>  {Devanagari}
>  {hindi/lcscript}  =>  {devanagari}
>  {hindi/scripttag}  =>  {deva}
>  {hindi/language}  =>  {Hindi}
>  {hindi/langtag}  =>  {HIN}
>  {hindi/bcp47}  =>  {hi}
>  {hindi/hyphennames}  =>  {}
>  {hindi/direction}  =>  {LR}
>  {hindi/hyphenmins}  =>  {2,3}
>  {hindi/frenchspacing}  =>  {false}
>  {hindi/indentfirst}  =>  {false}
>  {hindi/fontsetup}  =>  {true}
>  {hindi/envname}  =>  {hindi}
>  {hindi/babelname}  =>  {hindi}
>  {hindi/localnumeral}  =>  {hindinumerals}
>  {hindi/Localnumeral}  =>  {hindinumerals}.
)

Package fontspec Info: Could not resolve font "Noto Sans Devanagari/I" (it
(fontspec)             probably doesn't exist).


Package fontspec Info: Font family 'NotoSansDevanagari(0)' created for font
(fontspec)             'Noto Sans Devanagari' with options
(fontspec)             [Script=Devanagari].
(fontspec)              
(fontspec)              This font family consists of the following NFSS
(fontspec)             series/shapes:
(fontspec)              
(fontspec)             - 'normal' (m/n) with NFSS spec.: <->"Noto Sans
(fontspec)             Devanagari/OT:script=dev2;language=dflt;"
(fontspec)             - 'small caps'  (m/sc) with NFSS spec.: 
(fontspec)             - 'bold' (b/n) with NFSS spec.: <->"Noto Sans
(fontspec)             Devanagari/B/OT:script=dev2;language=dflt;"
(fontspec)             - 'bold small caps'  (b/sc) with NFSS spec.: 
(fontspec)             - 'bold italic' (b/it) with NFSS spec.: <->"Noto Sans
(fontspec)             Devanagari/BI/OT:script=dev2;language=dflt;"
(fontspec)             - 'bold italic small caps'  (b/scit) with NFSS spec.: 


No file jkph.aux.
\openout1 = `jkph.aux'.

LaTeX Font Info:    Checking defaults for OML/cmm/m/it on input line 26.
LaTeX Font Info:    ... okay on input line 26.
LaTeX Font Info:    Checking defaults for OMS/cmsy/m/n on input line 26.
LaTeX Font Info:    ... okay on input line 26.
LaTeX Font Info:    Checking defaults for OT1/cmr/m/n on input line 26.
LaTeX Font Info:    ... okay on input line 26.
LaTeX Font Info:    Checking defaults for T1/cmr/m/n on input line 26.
LaTeX Font Info:    ... okay on input line 26.
LaTeX Font Info:    Checking defaults for TS1/cmr/m/n on input line 26.
LaTeX Font Info:    Trying to load font information for TS1+cmr on input line 2
6.
(/usr/share/texlive/texmf-dist/tex/latex/base/ts1cmr.fd
File: ts1cmr.fd 2019/12/16 v2.5j Standard LaTeX font definitions
)
LaTeX Font Info:    ... okay on input line 26.
LaTeX Font Info:    Checking defaults for TU/lmr/m/n on input line 26.
LaTeX Font Info:    ... okay on input line 26.
LaTeX Font Info:    Checking defaults for OMX/cmex/m/n on input line 26.
LaTeX Font Info:    ... okay on input line 26.
LaTeX Font Info:    Checking defaults for U/cmr/m/n on input line 26.
LaTeX Font Info:    ... okay on input line 26.

Package fontspec Info: Adjusting the maths setup (use [no-math] to avoid
(fontspec)             this).

\symlegacymaths=\mathgroup4
LaTeX Font Info:    Overwriting symbol font `legacymaths' in version `bold'
(Font)                  OT1/cmr/m/n --> OT1/cmr/bx/n on input line 26.
LaTeX Font Info:    Redeclaring math accent \acute on input line 26.
LaTeX Font Info:    Redeclaring math accent \grave on input line 26.
LaTeX Font Info:    Redeclaring math accent \ddot on input line 26.
LaTeX Font Info:    Redeclaring math accent \tilde on input line 26.
LaTeX Font Info:    Redeclaring math accent \bar on input line 26.
LaTeX Font Info:    Redeclaring math accent \breve on input line 26.
LaTeX Font Info:    Redeclaring math accent \check on input line 26.
LaTeX Font Info:    Redeclaring math accent \hat on input line 26.
LaTeX Font Info:    Redeclaring math accent \dot on input line 26.
LaTeX Font Info:    Redeclaring math accent \mathring on input line 26.
LaTeX Font Info:    Redeclaring math symbol \colon on input line 26.
LaTeX Font Info:    Redeclaring math symbol \Gamma on input line 26.
LaTeX Font Info:    Redeclaring math symbol \Delta on input line 26.
LaTeX Font Info:    Redeclaring math symbol \Theta on input line 26.
LaTeX Font Info:    Redeclaring math symbol \Lambda on input line 26.
LaTeX Font Info:    Redeclaring math symbol \Xi on input line 26.
LaTeX Font Info:    Redeclaring math symbol \Pi on input line 26.
LaTeX Font Info:    Redeclaring math symbol \Sigma on input line 26.
LaTeX Font Info:    Redeclaring math symbol \Upsilon on input line 26.
LaTeX Font Info:    Redeclaring math symbol \Phi on input line 26.
LaTeX Font Info:    Redeclaring math symbol \Psi on input line 26.
LaTeX Font Info:    Redeclaring math symbol \Omega on input line 26.
LaTeX Font Info:    Redeclaring math symbol \mathdollar on input line 26.
LaTeX Font Info:    Redeclaring symbol font `operators' on input line 26.
LaTeX Font Info:    Encoding `OT1' has changed to `TU' for symbol font
(Font)              `operators' in the math version `normal' on input line 26.
LaTeX Font Info:    Overwriting symbol font `operators' in version `normal'
(Font)                  OT1/cmr/m/n --> TU/lmr/m/n on input line 26.
LaTeX Font Info:    Encoding `OT1' has changed to `TU' for symbol font
(Font)              `operators' in the math version `bold' on input line 26.
LaTeX Font Info:    Overwriting symbol font `operators' in version `bold'
(Font)                  OT1/cmr/bx/n --> TU/lmr/m/n on input line 26.
LaTeX Font Info:    Overwriting symbol font `operators' in version `normal'
(Font)                  TU/lmr/m/n --> TU/lmr/m/n on input line 26.
LaTeX Font Info:    Overwriting math alphabet `\mathit' in version `normal'
(Font)                  OT1/cmr/m/it --> TU/lmr/m/it on input line 26.
LaTeX Font Info:    Overwriting math alphabet `\mathbf' in version `normal'
(Font)                  OT1/cmr/bx/n --> TU/lmr/b/n on input line 26.
LaTeX Font Info:    Overwriting math alphabet `\mathsf' in version `normal'
(Font)                  OT1/cmss/m/n --> TU/lmss/m/n on input line 26.
LaTeX Font Info:    Overwriting math alphabet `\mathtt' in version `normal'
(Font)                  OT1/cmtt/m/n --> TU/lmtt/m/n on input line 26.
LaTeX Font Info:    Overwriting symbol font `operators' in version `bold'
(Font)                  TU/lmr/m/n --> TU/lmr/b/n on input line 26.
LaTeX Font Info:    Overwriting math alphabet `\mathit' in version `bold'
(Font)                  OT1/cmr/bx/it --> TU/lmr/b/it on input line 26.
LaTeX Font Info:    Overwriting math alphabet `\mathsf' in version `bold'
(Font)                  OT1/cmss/bx/n --> TU/lmss/b/n on input line 26.
LaTeX Font Info:    Overwriting math alphabet `\mathtt' in version `bold'
(Font)                  OT1/cmtt/m/n --> TU/lmtt/b/n on input line 26.
LaTeX Info: Redefining \rmfamily on input line 26.
LaTeX Info: Redefining \sffamily on input line 26.
LaTeX Info: Redefining \ttfamily on input line 26.
LaTeX Info: Redefining \rmfamily on input line 30.
LaTeX Info: Redefining \sffamily on input line 30.
LaTeX Info: Redefining \ttfamily on input line 30.
LaTeX Info: Redefining \rmfamily on input line 30.
LaTeX Info: Redefining \sffamily on input line 30.
LaTeX Info: Redefining \ttfamily on input line 30.
LaTeX Font Info:    External font `cmex10' loaded for size
(Font)              <12> on input line 30.
LaTeX Font Info:    External font `cmex10' loaded for size
(Font)              <8> on input line 30.
LaTeX Font Info:    External font `cmex10' loaded for size
(Font)              <6> on input line 30.
 [1


] [2

] [3]
No file jkph.toc.
\tf@toc=\write3
\openout3 = `jkph.toc'.

[4

]
Chapter 1.
[5]
LaTeX Info: Redefining \rmfamily on input line 33.
LaTeX Info: Redefining \sffamily on input line 33.
LaTeX Info: Redefining \ttfamily on input line 33.
LaTeX Font Info:    Font shape `TU/NotoSansDevanagari(0)/bx/n' in size <12> not
 available
(Font)              Font shape `TU/NotoSansDevanagari(0)/b/n' tried instead on 
input line 33.
LaTeX Info: Redefining \rmfamily on input line 33.
LaTeX Info: Redefining \sffamily on input line 33.
LaTeX Info: Redefining \ttfamily on input line 33.
LaTeX Info: Redefining \rmfamily on input line 100.
LaTeX Info: Redefining \sffamily on input line 100.
LaTeX Info: Redefining \ttfamily on input line 100.

Missing character: There is no H (U+0048) in font Noto Sans Devanagari Regular/
OT:script=dev2;language=dflt;!
Missing character: There is no a (U+0061) in font Noto Sans Devanagari Regular/
OT:script=dev2;language=dflt;!
Missing character: There is no n (U+006E) in font Noto Sans Devanagari Regular/
OT:script=dev2;language=dflt;!
Missing character: There is no d (U+0064) in font Noto Sans Devanagari Regular/
OT:script=dev2;language=dflt;!
Missing character: There is no c (U+0063) in font Noto Sans Devanagari Regular/
OT:script=dev2;language=dflt;!
Missing character: There is no r (U+0072) in font Noto Sans Devanagari Regular/
OT:script=dev2;language=dflt;!
Missing character: There is no i (U+0069) in font Noto Sans Devanagari Regular/
OT:script=dev2;language=dflt;!
Missing character: There is no c (U+0063) in font Noto Sans Devanagari Regular/
OT:script=dev2;language=dflt;!
Missing character: There is no k (U+006B) in font Noto Sans Devanagari Regular/
OT:script=dev2;language=dflt;!
Missing character: There is no e (U+0065) in font Noto Sans Devanagari Regular/
OT:script=dev2;language=dflt;!
Missing character: There is no t (U+0074) in font Noto Sans Devanagari Regular/
OT:script=dev2;language=dflt;!
LaTeX Info: Redefining \rmfamily on input line 100.
LaTeX Info: Redefining \sffamily on input line 100.
LaTeX Info: Redefining \ttfamily on input line 100.
[6]
LaTeX Info: Redefining \rmfamily on input line 109.
LaTeX Info: Redefining \sffamily on input line 109.
LaTeX Info: Redefining \ttfamily on input line 109.
LaTeX Info: Redefining \rmfamily on input line 109.
LaTeX Info: Redefining \sffamily on input line 109.
LaTeX Info: Redefining \ttfamily on input line 109.
LaTeX Info: Redefining \rmfamily on input line 180.
LaTeX Info: Redefining \sffamily on input line 180.
LaTeX Info: Redefining \ttfamily on input line 180.

Underfull \vbox (badness 3407) has occurred while \output is active []



LaTeX Font Warning: Font shape `TU/NotoSansDevanagari(0)/m/sl' undefined
(Font)              using `TU/NotoSansDevanagari(0)/m/n' instead on input line 
180.

[7]
LaTeX Info: Redefining \rmfamily on input line 180.
LaTeX Info: Redefining \sffamily on input line 180.
LaTeX Info: Redefining \ttfamily on input line 180.
LaTeX Info: Redefining \rmfamily on input line 185.
LaTeX Info: Redefining \sffamily on input line 185.
LaTeX Info: Redefining \ttfamily on input line 185.
LaTeX Info: Redefining \rmfamily on input line 185.
LaTeX Info: Redefining \sffamily on input line 185.
LaTeX Info: Redefining \ttfamily on input line 185.
LaTeX Info: Redefining \rmfamily on input line 237.
LaTeX Info: Redefining \sffamily on input line 237.
LaTeX Info: Redefining \ttfamily on input line 237.

Missing character: There is no C (U+0043) in font Noto Sans Devanagari Regular/
OT:script=dev2;language=dflt;!
Missing character: There is no H (U+0048) in font Noto Sans Devanagari Regular/
OT:script=dev2;language=dflt;!
Missing character: There is no A (U+0041) in font Noto Sans Devanagari Regular/
OT:script=dev2;language=dflt;!
Missing character: There is no P (U+0050) in font Noto Sans Devanagari Regular/
OT:script=dev2;language=dflt;!
Missing character: There is no T (U+0054) in font Noto Sans Devanagari Regular/
OT:script=dev2;language=dflt;!
Missing character: There is no E (U+0045) in font Noto Sans Devanagari Regular/
OT:script=dev2;language=dflt;!
Missing character: There is no R (U+0052) in font Noto Sans Devanagari Regular/
OT:script=dev2;language=dflt;!
Missing character: There is no H (U+0048) in font Noto Sans Devanagari Regular/
OT:script=dev2;language=dflt;!
Missing character: There is no I (U+0049) in font Noto Sans Devanagari Regular/
OT:script=dev2;language=dflt;!
Missing character: There is no N (U+004E) in font Noto Sans Devanagari Regular/
OT:script=dev2;language=dflt;!
Missing character: There is no D (U+0044) in font Noto Sans Devanagari Regular/
OT:script=dev2;language=dflt;!
Missing character: There is no I (U+0049) in font Noto Sans Devanagari Regular/
OT:script=dev2;language=dflt;!
Missing character: There is no P (U+0050) in font Noto Sans Devanagari Regular/
OT:script=dev2;language=dflt;!
Missing character: There is no O (U+004F) in font Noto Sans Devanagari Regular/
OT:script=dev2;language=dflt;!
Missing character: There is no E (U+0045) in font Noto Sans Devanagari Regular/
OT:script=dev2;language=dflt;!
Missing character: There is no M (U+004D) in font Noto Sans Devanagari Regular/
OT:script=dev2;language=dflt;!
Missing character: There is no S (U+0053) in font Noto Sans Devanagari Regular/
OT:script=dev2;language=dflt;!
[8]
LaTeX Info: Redefining \rmfamily on input line 237.
LaTeX Info: Redefining \sffamily on input line 237.
LaTeX Info: Redefining \ttfamily on input line 237.
 [9] [10

]
Chapter 2.
[11] [12] [13]
The property list \polyglossia@langsetup contains the pairs (without outer
braces):
>  {latex/script}  =>  {latin}
>  {latex/lcscript}  =>  {latin}
>  {latex/scripttag}  =>  {}
>  {latex/language}  =>  {Latex}
>  {latex/langtag}  =>  {ENG}
>  {latex/bcp47}  =>  {}
>  {latex/hyphennames}  =>  {english}
>  {latex/direction}  =>  {LR}
>  {latex/hyphenmins}  =>  {2,3}
>  {latex/frenchspacing}  =>  {false}
>  {latex/indentfirst}  =>  {false}
>  {latex/fontsetup}  =>  {true}
>  {latex/envname}  =>  {latex}
>  {latex/babelname}  =>  {latex}
>  {latex/localnumeral}  =>  {polyglossia@C@localnumeral}
>  {latex/Localnumeral}  =>  {polyglossia@C@localnumeral}
>  {english/script}  =>  {latin}
>  {english/lcscript}  =>  {latin}
>  {english/scripttag}  =>  {}
>  {english/language}  =>  {English}
>  {english/langtag}  =>  {ENG}
>  {english/bcp47}  =>  {en-US}
>  {english/hyphennames}  =>  {english,american,usenglish,USenglish}
>  {english/direction}  =>  {LR}
>  {english/hyphenmins}  =>  {2,3}
>  {english/frenchspacing}  =>  {false}
>  {english/indentfirst}  =>  {false}
>  {english/fontsetup}  =>  {true}
>  {english/envname}  =>  {english}
>  {english/babelname}  =>  {american}
>  {english/localnumeral}  =>  {polyglossia@C@localnumeral}
>  {english/Localnumeral}  =>  {polyglossia@C@localnumeral}
>  {hindi/script}  =>  {Devanagari}
>  {hindi/lcscript}  =>  {devanagari}
>  {hindi/scripttag}  =>  {deva}
>  {hindi/language}  =>  {Hindi}
>  {hindi/langtag}  =>  {HIN}
>  {hindi/bcp47}  =>  {hi}
>  {hindi/hyphennames}  =>  {}
>  {hindi/direction}  =>  {LR}
>  {hindi/hyphenmins}  =>  {2,3}
>  {hindi/frenchspacing}  =>  {false}
>  {hindi/indentfirst}  =>  {false}
>  {hindi/fontsetup}  =>  {true}
>  {hindi/envname}  =>  {hindi}
>  {hindi/babelname}  =>  {hindi}
>  {hindi/localnumeral}  =>  {hindinumerals}
>  {hindi/Localnumeral}  =>  {hindinumerals}.
 (./jkph.aux
LaTeX Info: Redefining \rmfamily on input line 2.
LaTeX Info: Redefining \sffamily on input line 2.
LaTeX Info: Redefining \ttfamily on input line 2.
)

LaTeX Font Warning: Some font shapes were not available, defaults substituted.

 ) 
Here is how much of TeX's memory you used:
 4850 strings out of 476191
 134316 string characters out of 5812072
 507339 words of memory out of 5000000
 25540 multiletter control sequences out of 15000+600000
 472227 words of font info for 66 fonts, out of 8000000 for 9000
 1348 hyphenation exceptions out of 8191
 87i,6n,91p,291b,364s stack positions out of 5000i,500n,10000p,200000b,80000s

Output written on jkph.pdf (13 pages).
